<?xml version="1.0" encoding="UTF-8"?>
<testng-results ignored="0" total="2" passed="2" failed="0" skipped="0">
  <reporter-output>
  </reporter-output>
  <suite started-at="2023-11-29T21:48:04 EET" name="Default suite" finished-at="2023-11-29T21:48:06 EET" duration-ms="1973">
    <groups>
    </groups>
    <test started-at="2023-11-29T21:48:04 EET" name="Default test" finished-at="2023-11-29T21:48:06 EET" duration-ms="1973">
      <class name="firstAdvanceTask.loginProcess">
        <test-method is-config="true" signature="setup()[pri:0, instance:firstAdvanceTask.loginProcess@4de41af9]" started-at="2023-11-29T21:48:04 EET" name="setup" finished-at="2023-11-29T21:48:05 EET" duration-ms="919" status="PASS">
          <reporter-output>
          </reporter-output>
        </test-method> <!-- setup -->
        <test-method signature="lonigTest()[pri:1, instance:firstAdvanceTask.loginProcess@4de41af9]" started-at="2023-11-29T21:48:05 EET" name="lonigTest" finished-at="2023-11-29T21:48:05 EET" duration-ms="368" status="PASS">
          <reporter-output>
          </reporter-output>
        </test-method> <!-- lonigTest -->
        <test-method signature="addToCard()[pri:2, instance:firstAdvanceTask.loginProcess@4de41af9]" started-at="2023-11-29T21:48:05 EET" name="addToCard" finished-at="2023-11-29T21:48:06 EET" duration-ms="642" status="PASS">
          <reporter-output>
          </reporter-output>
        </test-method> <!-- addToCard -->
        <test-method is-config="true" signature="AfterTesting()[pri:0, instance:firstAdvanceTask.loginProcess@4de41af9]" started-at="2023-11-29T21:48:06 EET" name="AfterTesting" finished-at="2023-11-29T21:48:06 EET" duration-ms="1" status="PASS">
          <reporter-output>
          </reporter-output>
        </test-method> <!-- AfterTesting -->
      </class> <!-- firstAdvanceTask.loginProcess -->
    </test> <!-- Default test -->
  </suite> <!-- Default suite -->
</testng-results>
